<?xml version="1.0" encoding="UTF-8"?>
<testsuite name="download_subtitles_tests.TestSubtitleCrawler-20211212230259" tests="5" file="download_subtitles_tests.py" time="0.016" timestamp="2021-12-12T23:03:00" failures="0" errors="4" skipped="0">
	<testcase classname="download_subtitles_tests.TestSubtitleCrawler" name="test_save_json_format_in_directory" time="0.016" timestamp="2021-12-12T23:03:00"/>
	<testcase classname="download_subtitles_tests.TestSubtitleCrawler" name="test_download_subtitles" time="0.000" timestamp="2021-12-12T23:03:00">
		<error type="ModuleNotFoundError" message="No module named 'src'"><![CDATA[Traceback (most recent call last):
  File "c:\program files\python39\lib\unittest\case.py", line 59, in testPartExecutor
    yield
  File "c:\program files\python39\lib\unittest\case.py", line 593, in run
    self._callTestMethod(testMethod)
  File "c:\program files\python39\lib\unittest\case.py", line 550, in _callTestMethod
    method()
  File "c:\program files\python39\lib\unittest\mock.py", line 1334, in patched
    with self.decoration_helper(patched,
  File "c:\program files\python39\lib\contextlib.py", line 117, in __enter__
    return next(self.gen)
  File "c:\program files\python39\lib\unittest\mock.py", line 1316, in decoration_helper
    arg = exit_stack.enter_context(patching)
  File "c:\program files\python39\lib\contextlib.py", line 429, in enter_context
    result = _cm_type.__enter__(cm)
  File "c:\program files\python39\lib\unittest\mock.py", line 1389, in __enter__
    self.target = self.getter()
  File "c:\program files\python39\lib\unittest\mock.py", line 1564, in <lambda>
    getter = lambda: _importer(target)
  File "c:\program files\python39\lib\unittest\mock.py", line 1236, in _importer
    thing = __import__(import_path)
ModuleNotFoundError: No module named 'src'
]]></error>
	</testcase>
	<testcase classname="download_subtitles_tests.TestSubtitleCrawler" name="test_download_subtitles_endpoint_error" time="0.000" timestamp="2021-12-12T23:03:00">
		<error type="ModuleNotFoundError" message="No module named 'src'"><![CDATA[Traceback (most recent call last):
  File "c:\program files\python39\lib\unittest\case.py", line 59, in testPartExecutor
    yield
  File "c:\program files\python39\lib\unittest\case.py", line 593, in run
    self._callTestMethod(testMethod)
  File "c:\program files\python39\lib\unittest\case.py", line 550, in _callTestMethod
    method()
  File "c:\program files\python39\lib\unittest\mock.py", line 1334, in patched
    with self.decoration_helper(patched,
  File "c:\program files\python39\lib\contextlib.py", line 117, in __enter__
    return next(self.gen)
  File "c:\program files\python39\lib\unittest\mock.py", line 1316, in decoration_helper
    arg = exit_stack.enter_context(patching)
  File "c:\program files\python39\lib\contextlib.py", line 429, in enter_context
    result = _cm_type.__enter__(cm)
  File "c:\program files\python39\lib\unittest\mock.py", line 1389, in __enter__
    self.target = self.getter()
  File "c:\program files\python39\lib\unittest\mock.py", line 1564, in <lambda>
    getter = lambda: _importer(target)
  File "c:\program files\python39\lib\unittest\mock.py", line 1236, in _importer
    thing = __import__(import_path)
ModuleNotFoundError: No module named 'src'
]]></error>
	</testcase>
	<testcase classname="download_subtitles_tests.TestSubtitleCrawler" name="test_search_subtitles_by_id" time="0.000" timestamp="2021-12-12T23:03:00">
		<error type="ModuleNotFoundError" message="No module named 'src'"><![CDATA[Traceback (most recent call last):
  File "c:\program files\python39\lib\unittest\case.py", line 59, in testPartExecutor
    yield
  File "c:\program files\python39\lib\unittest\case.py", line 593, in run
    self._callTestMethod(testMethod)
  File "c:\program files\python39\lib\unittest\case.py", line 550, in _callTestMethod
    method()
  File "c:\program files\python39\lib\unittest\mock.py", line 1334, in patched
    with self.decoration_helper(patched,
  File "c:\program files\python39\lib\contextlib.py", line 117, in __enter__
    return next(self.gen)
  File "c:\program files\python39\lib\unittest\mock.py", line 1316, in decoration_helper
    arg = exit_stack.enter_context(patching)
  File "c:\program files\python39\lib\contextlib.py", line 429, in enter_context
    result = _cm_type.__enter__(cm)
  File "c:\program files\python39\lib\unittest\mock.py", line 1389, in __enter__
    self.target = self.getter()
  File "c:\program files\python39\lib\unittest\mock.py", line 1564, in <lambda>
    getter = lambda: _importer(target)
  File "c:\program files\python39\lib\unittest\mock.py", line 1236, in _importer
    thing = __import__(import_path)
ModuleNotFoundError: No module named 'src'
]]></error>
	</testcase>
	<testcase classname="download_subtitles_tests.TestSubtitleCrawler" name="test_search_subtitles_by_id_endpoint_error" time="0.000" timestamp="2021-12-12T23:03:00">
		<error type="ModuleNotFoundError" message="No module named 'src'"><![CDATA[Traceback (most recent call last):
  File "c:\program files\python39\lib\unittest\case.py", line 59, in testPartExecutor
    yield
  File "c:\program files\python39\lib\unittest\case.py", line 593, in run
    self._callTestMethod(testMethod)
  File "c:\program files\python39\lib\unittest\case.py", line 550, in _callTestMethod
    method()
  File "c:\program files\python39\lib\unittest\mock.py", line 1334, in patched
    with self.decoration_helper(patched,
  File "c:\program files\python39\lib\contextlib.py", line 117, in __enter__
    return next(self.gen)
  File "c:\program files\python39\lib\unittest\mock.py", line 1316, in decoration_helper
    arg = exit_stack.enter_context(patching)
  File "c:\program files\python39\lib\contextlib.py", line 429, in enter_context
    result = _cm_type.__enter__(cm)
  File "c:\program files\python39\lib\unittest\mock.py", line 1389, in __enter__
    self.target = self.getter()
  File "c:\program files\python39\lib\unittest\mock.py", line 1564, in <lambda>
    getter = lambda: _importer(target)
  File "c:\program files\python39\lib\unittest\mock.py", line 1236, in _importer
    thing = __import__(import_path)
ModuleNotFoundError: No module named 'src'
]]></error>
	</testcase>
</testsuite>
